\BOOKMARK [0][-]{chapter*.1}{Abstract}{}% 1
\BOOKMARK [0][-]{chapter*.2}{Kurzfassung}{}% 2
\BOOKMARK [0][-]{chapter*.5}{List of Tables}{}% 3
\BOOKMARK [0][-]{chapter.1}{Introduction}{}% 4
\BOOKMARK [1][-]{section.1.1}{Initial goal and contributions}{chapter.1}% 5
\BOOKMARK [1][-]{section.1.2}{Thesis outline}{chapter.1}% 6
\BOOKMARK [0][-]{chapter.2}{Preliminaries}{}% 7
\BOOKMARK [1][-]{section.2.1}{Topic 1}{chapter.2}% 8
\BOOKMARK [2][-]{subsection.2.1.1}{Subtopic1}{section.2.1}% 9
\BOOKMARK [2][-]{subsection.2.1.2}{Subtopic2}{section.2.1}% 10
\BOOKMARK [1][-]{section.2.2}{Topic 2}{chapter.2}% 11
\BOOKMARK [2][-]{subsection.2.2.1}{Subtopic1}{section.2.2}% 12
\BOOKMARK [0][-]{chapter.3}{Conclusion}{}% 13
\BOOKMARK [1][-]{section.3.1}{Future work}{chapter.3}% 14
\BOOKMARK [0][-]{Appendix.a.A}{Glossary}{}% 15
\BOOKMARK [0][-]{Appendix.a.B}{Appendix C}{}% 16
\BOOKMARK [1][-]{section.a.B.1}{Section 1}{Appendix.a.B}% 17
\BOOKMARK [1][-]{section.a.B.2}{Section 2}{Appendix.a.B}% 18
\BOOKMARK [0][-]{Appendix.a.C}{Appendix C}{}% 19
\BOOKMARK [1][-]{section.a.C.1}{Einf\374hrung}{Appendix.a.C}% 20
\BOOKMARK [1][-]{section.a.C.2}{Datenmodell}{Appendix.a.C}% 21
\BOOKMARK [1][-]{section.a.C.3}{Refinments}{Appendix.a.C}% 22
\BOOKMARK [1][-]{section.a.C.4}{Performance Auswertung}{Appendix.a.C}% 23
\BOOKMARK [0][-]{Appendix.a.D}{Appendix C}{}% 24
\BOOKMARK [1][-]{section.a.D.1}{Section 1}{Appendix.a.D}% 25
\BOOKMARK [1][-]{section.a.D.2}{Section 2}{Appendix.a.D}% 26
\BOOKMARK [0][-]{Appendix.a.E}{Appendix C}{}% 27
\BOOKMARK [1][-]{section.a.E.1}{Section 1}{Appendix.a.E}% 28
\BOOKMARK [1][-]{section.a.E.2}{Section 2}{Appendix.a.E}% 29
\BOOKMARK [0][-]{Appendix.a.F}{Appendix C}{}% 30
\BOOKMARK [1][-]{section.a.F.1}{Section 1}{Appendix.a.F}% 31
\BOOKMARK [1][-]{section.a.F.2}{Section 2}{Appendix.a.F}% 32
\BOOKMARK [0][-]{Appendix.a.G}{Appendix D}{}% 33
\BOOKMARK [1][-]{section.a.G.1}{Section 1}{Appendix.a.G}% 34
